ERROR - 2025-08-27 01:17:33 --> mysqli_sql_exception: Column 'codigo_autor' cannot be null in C:\xampp\htdocs\proyectos\ci4_biblioteca\system\Database\MySQLi\Connection.php:327
Stack trace:
#0 C:\xampp\htdocs\proyectos\ci4_biblioteca\system\Database\MySQLi\Connection.php(327): mysqli->query('INSERT INTO `au...', 0)
#1 C:\xampp\htdocs\proyectos\ci4_biblioteca\system\Database\BaseConnection.php(729): CodeIgniter\Database\MySQLi\Connection->execute('INSERT INTO `au...')
#2 C:\xampp\htdocs\proyectos\ci4_biblioteca\system\Database\BaseConnection.php(646): CodeIgniter\Database\BaseConnection->simpleQuery('INSERT INTO `au...')
#3 C:\xampp\htdocs\proyectos\ci4_biblioteca\system\Database\BaseBuilder.php(2345): CodeIgniter\Database\BaseConnection->query('INSERT INTO `au...', Array, false)
#4 C:\xampp\htdocs\proyectos\ci4_biblioteca\system\Model.php(394): CodeIgniter\Database\BaseBuilder->insert()
#5 C:\xampp\htdocs\proyectos\ci4_biblioteca\system\BaseModel.php(838): CodeIgniter\Model->doInsert(Array)
#6 C:\xampp\htdocs\proyectos\ci4_biblioteca\system\Model.php(797): CodeIgniter\BaseModel->insert(Array, true)
#7 C:\xampp\htdocs\proyectos\ci4_biblioteca\app\Controllers\AutoresController.php(30): CodeIgniter\Model->insert(Array)
#8 C:\xampp\htdocs\proyectos\ci4_biblioteca\system\CodeIgniter.php(933): App\Controllers\AutoresController->agregarAutor()
#9 C:\xampp\htdocs\proyectos\ci4_biblioteca\system\CodeIgniter.php(507): CodeIgniter\CodeIgniter->runController(Object(App\Controllers\AutoresController))
#10 C:\xampp\htdocs\proyectos\ci4_biblioteca\system\CodeIgniter.php(354): CodeIgniter\CodeIgniter->handleRequest(NULL, Object(Config\Cache), false)
#11 C:\xampp\htdocs\proyectos\ci4_biblioteca\system\Boot.php(363): CodeIgniter\CodeIgniter->run()
#12 C:\xampp\htdocs\proyectos\ci4_biblioteca\system\Boot.php(68): CodeIgniter\Boot::runCodeIgniter(Object(CodeIgniter\CodeIgniter))
#13 C:\xampp\htdocs\proyectos\ci4_biblioteca\public\index.php(59): CodeIgniter\Boot::bootWeb(Object(Config\Paths))
#14 {main}
CRITICAL - 2025-08-27 01:17:33 --> CodeIgniter\Database\Exceptions\DatabaseException: Column 'codigo_autor' cannot be null
[Method: POST, Route: agregar_autor]
in SYSTEMPATH\Database\BaseConnection.php on line 684.
 1 SYSTEMPATH\Database\BaseBuilder.php(2345): CodeIgniter\Database\BaseConnection->query('INSERT INTO `autores` (`codigo_autor`, `apellido`, `nombre`, `nacionalidad`) VALUES (:codigo_autor:, :apellido:, :nombre:, :nacionalidad:)', [...], false)
 2 SYSTEMPATH\Model.php(394): CodeIgniter\Database\BaseBuilder->insert()
 3 SYSTEMPATH\BaseModel.php(838): CodeIgniter\Model->doInsert([...])
 4 SYSTEMPATH\Model.php(797): CodeIgniter\BaseModel->insert([...], true)
 5 APPPATH\Controllers\AutoresController.php(30): CodeIgniter\Model->insert([...])
 6 SYSTEMPATH\CodeIgniter.php(933): App\Controllers\AutoresController->agregarAutor()
 7 SYSTEMPATH\CodeIgniter.php(507): CodeIgniter\CodeIgniter->runController(Object(App\Controllers\AutoresController))
 8 SYSTEMPATH\CodeIgniter.php(354): CodeIgniter\CodeIgniter->handleRequest(null, Object(Config\Cache), false)
 9 SYSTEMPATH\Boot.php(363): CodeIgniter\CodeIgniter->run()
10 SYSTEMPATH\Boot.php(68): CodeIgniter\Boot::runCodeIgniter(Object(CodeIgniter\CodeIgniter))
11 FCPATH\index.php(59): CodeIgniter\Boot::bootWeb(Object(Config\Paths))
CRITICAL - 2025-08-27 01:17:33 --> [Caused by] CodeIgniter\Database\Exceptions\DatabaseException: Column 'codigo_autor' cannot be null
in SYSTEMPATH\Database\MySQLi\Connection.php on line 332.
 1 SYSTEMPATH\Database\BaseConnection.php(729): CodeIgniter\Database\MySQLi\Connection->execute('INSERT INTO `autores` (`codigo_autor`, `apellido`, `nombre`, `nacionalidad`) VALUES (NULL, NULL, NULL, NULL)')
 2 SYSTEMPATH\Database\BaseConnection.php(646): CodeIgniter\Database\BaseConnection->simpleQuery('INSERT INTO `autores` (`codigo_autor`, `apellido`, `nombre`, `nacionalidad`) VALUES (NULL, NULL, NULL, NULL)')
 3 SYSTEMPATH\Database\BaseBuilder.php(2345): CodeIgniter\Database\BaseConnection->query('INSERT INTO `autores` (`codigo_autor`, `apellido`, `nombre`, `nacionalidad`) VALUES (:codigo_autor:, :apellido:, :nombre:, :nacionalidad:)', [...], false)
 4 SYSTEMPATH\Model.php(394): CodeIgniter\Database\BaseBuilder->insert()
 5 SYSTEMPATH\BaseModel.php(838): CodeIgniter\Model->doInsert([...])
 6 SYSTEMPATH\Model.php(797): CodeIgniter\BaseModel->insert([...], true)
 7 APPPATH\Controllers\AutoresController.php(30): CodeIgniter\Model->insert([...])
 8 SYSTEMPATH\CodeIgniter.php(933): App\Controllers\AutoresController->agregarAutor()
 9 SYSTEMPATH\CodeIgniter.php(507): CodeIgniter\CodeIgniter->runController(Object(App\Controllers\AutoresController))
10 SYSTEMPATH\CodeIgniter.php(354): CodeIgniter\CodeIgniter->handleRequest(null, Object(Config\Cache), false)
11 SYSTEMPATH\Boot.php(363): CodeIgniter\CodeIgniter->run()
12 SYSTEMPATH\Boot.php(68): CodeIgniter\Boot::runCodeIgniter(Object(CodeIgniter\CodeIgniter))
13 FCPATH\index.php(59): CodeIgniter\Boot::bootWeb(Object(Config\Paths))
CRITICAL - 2025-08-27 01:17:33 --> [Caused by] mysqli_sql_exception: Column 'codigo_autor' cannot be null
in SYSTEMPATH\Database\MySQLi\Connection.php on line 327.
 1 SYSTEMPATH\Database\MySQLi\Connection.php(327): mysqli->query('INSERT INTO `autores` (`codigo_autor`, `apellido`, `nombre`, `nacionalidad`) VALUES (NULL, NULL, NULL, NULL)', 0)
 2 SYSTEMPATH\Database\BaseConnection.php(729): CodeIgniter\Database\MySQLi\Connection->execute('INSERT INTO `autores` (`codigo_autor`, `apellido`, `nombre`, `nacionalidad`) VALUES (NULL, NULL, NULL, NULL)')
 3 SYSTEMPATH\Database\BaseConnection.php(646): CodeIgniter\Database\BaseConnection->simpleQuery('INSERT INTO `autores` (`codigo_autor`, `apellido`, `nombre`, `nacionalidad`) VALUES (NULL, NULL, NULL, NULL)')
 4 SYSTEMPATH\Database\BaseBuilder.php(2345): CodeIgniter\Database\BaseConnection->query('INSERT INTO `autores` (`codigo_autor`, `apellido`, `nombre`, `nacionalidad`) VALUES (:codigo_autor:, :apellido:, :nombre:, :nacionalidad:)', [...], false)
 5 SYSTEMPATH\Model.php(394): CodeIgniter\Database\BaseBuilder->insert()
 6 SYSTEMPATH\BaseModel.php(838): CodeIgniter\Model->doInsert([...])
 7 SYSTEMPATH\Model.php(797): CodeIgniter\BaseModel->insert([...], true)
 8 APPPATH\Controllers\AutoresController.php(30): CodeIgniter\Model->insert([...])
 9 SYSTEMPATH\CodeIgniter.php(933): App\Controllers\AutoresController->agregarAutor()
10 SYSTEMPATH\CodeIgniter.php(507): CodeIgniter\CodeIgniter->runController(Object(App\Controllers\AutoresController))
11 SYSTEMPATH\CodeIgniter.php(354): CodeIgniter\CodeIgniter->handleRequest(null, Object(Config\Cache), false)
12 SYSTEMPATH\Boot.php(363): CodeIgniter\CodeIgniter->run()
13 SYSTEMPATH\Boot.php(68): CodeIgniter\Boot::runCodeIgniter(Object(CodeIgniter\CodeIgniter))
14 FCPATH\index.php(59): CodeIgniter\Boot::bootWeb(Object(Config\Paths))
ERROR - 2025-08-27 01:21:09 --> mysqli_sql_exception: Column 'codigo_autor' cannot be null in C:\xampp\htdocs\proyectos\ci4_biblioteca\system\Database\MySQLi\Connection.php:327
Stack trace:
#0 C:\xampp\htdocs\proyectos\ci4_biblioteca\system\Database\MySQLi\Connection.php(327): mysqli->query('INSERT INTO `au...', 0)
#1 C:\xampp\htdocs\proyectos\ci4_biblioteca\system\Database\BaseConnection.php(729): CodeIgniter\Database\MySQLi\Connection->execute('INSERT INTO `au...')
#2 C:\xampp\htdocs\proyectos\ci4_biblioteca\system\Database\BaseConnection.php(646): CodeIgniter\Database\BaseConnection->simpleQuery('INSERT INTO `au...')
#3 C:\xampp\htdocs\proyectos\ci4_biblioteca\system\Database\BaseBuilder.php(2345): CodeIgniter\Database\BaseConnection->query('INSERT INTO `au...', Array, false)
#4 C:\xampp\htdocs\proyectos\ci4_biblioteca\system\Model.php(394): CodeIgniter\Database\BaseBuilder->insert()
#5 C:\xampp\htdocs\proyectos\ci4_biblioteca\system\BaseModel.php(838): CodeIgniter\Model->doInsert(Array)
#6 C:\xampp\htdocs\proyectos\ci4_biblioteca\system\Model.php(797): CodeIgniter\BaseModel->insert(Array, true)
#7 C:\xampp\htdocs\proyectos\ci4_biblioteca\app\Controllers\AutoresController.php(30): CodeIgniter\Model->insert(Array)
#8 C:\xampp\htdocs\proyectos\ci4_biblioteca\system\CodeIgniter.php(933): App\Controllers\AutoresController->agregarAutor()
#9 C:\xampp\htdocs\proyectos\ci4_biblioteca\system\CodeIgniter.php(507): CodeIgniter\CodeIgniter->runController(Object(App\Controllers\AutoresController))
#10 C:\xampp\htdocs\proyectos\ci4_biblioteca\system\CodeIgniter.php(354): CodeIgniter\CodeIgniter->handleRequest(NULL, Object(Config\Cache), false)
#11 C:\xampp\htdocs\proyectos\ci4_biblioteca\system\Boot.php(363): CodeIgniter\CodeIgniter->run()
#12 C:\xampp\htdocs\proyectos\ci4_biblioteca\system\Boot.php(68): CodeIgniter\Boot::runCodeIgniter(Object(CodeIgniter\CodeIgniter))
#13 C:\xampp\htdocs\proyectos\ci4_biblioteca\public\index.php(59): CodeIgniter\Boot::bootWeb(Object(Config\Paths))
#14 {main}
CRITICAL - 2025-08-27 01:21:09 --> CodeIgniter\Database\Exceptions\DatabaseException: Column 'codigo_autor' cannot be null
[Method: POST, Route: agregar_autor]
in SYSTEMPATH\Database\BaseConnection.php on line 684.
 1 SYSTEMPATH\Database\BaseBuilder.php(2345): CodeIgniter\Database\BaseConnection->query('INSERT INTO `autores` (`codigo_autor`, `apellido`, `nombre`, `nacionalidad`) VALUES (:codigo_autor:, :apellido:, :nombre:, :nacionalidad:)', [...], false)
 2 SYSTEMPATH\Model.php(394): CodeIgniter\Database\BaseBuilder->insert()
 3 SYSTEMPATH\BaseModel.php(838): CodeIgniter\Model->doInsert([...])
 4 SYSTEMPATH\Model.php(797): CodeIgniter\BaseModel->insert([...], true)
 5 APPPATH\Controllers\AutoresController.php(30): CodeIgniter\Model->insert([...])
 6 SYSTEMPATH\CodeIgniter.php(933): App\Controllers\AutoresController->agregarAutor()
 7 SYSTEMPATH\CodeIgniter.php(507): CodeIgniter\CodeIgniter->runController(Object(App\Controllers\AutoresController))
 8 SYSTEMPATH\CodeIgniter.php(354): CodeIgniter\CodeIgniter->handleRequest(null, Object(Config\Cache), false)
 9 SYSTEMPATH\Boot.php(363): CodeIgniter\CodeIgniter->run()
10 SYSTEMPATH\Boot.php(68): CodeIgniter\Boot::runCodeIgniter(Object(CodeIgniter\CodeIgniter))
11 FCPATH\index.php(59): CodeIgniter\Boot::bootWeb(Object(Config\Paths))
CRITICAL - 2025-08-27 01:21:09 --> [Caused by] CodeIgniter\Database\Exceptions\DatabaseException: Column 'codigo_autor' cannot be null
in SYSTEMPATH\Database\MySQLi\Connection.php on line 332.
 1 SYSTEMPATH\Database\BaseConnection.php(729): CodeIgniter\Database\MySQLi\Connection->execute('INSERT INTO `autores` (`codigo_autor`, `apellido`, `nombre`, `nacionalidad`) VALUES (NULL, NULL, NULL, NULL)')
 2 SYSTEMPATH\Database\BaseConnection.php(646): CodeIgniter\Database\BaseConnection->simpleQuery('INSERT INTO `autores` (`codigo_autor`, `apellido`, `nombre`, `nacionalidad`) VALUES (NULL, NULL, NULL, NULL)')
 3 SYSTEMPATH\Database\BaseBuilder.php(2345): CodeIgniter\Database\BaseConnection->query('INSERT INTO `autores` (`codigo_autor`, `apellido`, `nombre`, `nacionalidad`) VALUES (:codigo_autor:, :apellido:, :nombre:, :nacionalidad:)', [...], false)
 4 SYSTEMPATH\Model.php(394): CodeIgniter\Database\BaseBuilder->insert()
 5 SYSTEMPATH\BaseModel.php(838): CodeIgniter\Model->doInsert([...])
 6 SYSTEMPATH\Model.php(797): CodeIgniter\BaseModel->insert([...], true)
 7 APPPATH\Controllers\AutoresController.php(30): CodeIgniter\Model->insert([...])
 8 SYSTEMPATH\CodeIgniter.php(933): App\Controllers\AutoresController->agregarAutor()
 9 SYSTEMPATH\CodeIgniter.php(507): CodeIgniter\CodeIgniter->runController(Object(App\Controllers\AutoresController))
10 SYSTEMPATH\CodeIgniter.php(354): CodeIgniter\CodeIgniter->handleRequest(null, Object(Config\Cache), false)
11 SYSTEMPATH\Boot.php(363): CodeIgniter\CodeIgniter->run()
12 SYSTEMPATH\Boot.php(68): CodeIgniter\Boot::runCodeIgniter(Object(CodeIgniter\CodeIgniter))
13 FCPATH\index.php(59): CodeIgniter\Boot::bootWeb(Object(Config\Paths))
CRITICAL - 2025-08-27 01:21:09 --> [Caused by] mysqli_sql_exception: Column 'codigo_autor' cannot be null
in SYSTEMPATH\Database\MySQLi\Connection.php on line 327.
 1 SYSTEMPATH\Database\MySQLi\Connection.php(327): mysqli->query('INSERT INTO `autores` (`codigo_autor`, `apellido`, `nombre`, `nacionalidad`) VALUES (NULL, NULL, NULL, NULL)', 0)
 2 SYSTEMPATH\Database\BaseConnection.php(729): CodeIgniter\Database\MySQLi\Connection->execute('INSERT INTO `autores` (`codigo_autor`, `apellido`, `nombre`, `nacionalidad`) VALUES (NULL, NULL, NULL, NULL)')
 3 SYSTEMPATH\Database\BaseConnection.php(646): CodeIgniter\Database\BaseConnection->simpleQuery('INSERT INTO `autores` (`codigo_autor`, `apellido`, `nombre`, `nacionalidad`) VALUES (NULL, NULL, NULL, NULL)')
 4 SYSTEMPATH\Database\BaseBuilder.php(2345): CodeIgniter\Database\BaseConnection->query('INSERT INTO `autores` (`codigo_autor`, `apellido`, `nombre`, `nacionalidad`) VALUES (:codigo_autor:, :apellido:, :nombre:, :nacionalidad:)', [...], false)
 5 SYSTEMPATH\Model.php(394): CodeIgniter\Database\BaseBuilder->insert()
 6 SYSTEMPATH\BaseModel.php(838): CodeIgniter\Model->doInsert([...])
 7 SYSTEMPATH\Model.php(797): CodeIgniter\BaseModel->insert([...], true)
 8 APPPATH\Controllers\AutoresController.php(30): CodeIgniter\Model->insert([...])
 9 SYSTEMPATH\CodeIgniter.php(933): App\Controllers\AutoresController->agregarAutor()
10 SYSTEMPATH\CodeIgniter.php(507): CodeIgniter\CodeIgniter->runController(Object(App\Controllers\AutoresController))
11 SYSTEMPATH\CodeIgniter.php(354): CodeIgniter\CodeIgniter->handleRequest(null, Object(Config\Cache), false)
12 SYSTEMPATH\Boot.php(363): CodeIgniter\CodeIgniter->run()
13 SYSTEMPATH\Boot.php(68): CodeIgniter\Boot::runCodeIgniter(Object(CodeIgniter\CodeIgniter))
14 FCPATH\index.php(59): CodeIgniter\Boot::bootWeb(Object(Config\Paths))
CRITICAL - 2025-08-27 01:56:10 --> ErrorException: Cannot redeclare App\Controllers\AutoresController::eliminarAutor()
[Method: GET, Route: eliminar_autor/4]
in APPPATH\Controllers\AutoresController.php on line 45.
 1 [internal function]: CodeIgniter\Debug\Exceptions->shutdownHandler()
CRITICAL - 2025-08-27 02:02:48 --> ErrorException: Undefined variable $codigo
[Method: GET, Route: buscar_autor/7]
in APPPATH\Controllers\AutoresController.php on line 49.
 1 APPPATH\Controllers\AutoresController.php(49): CodeIgniter\Debug\Exceptions->errorHandler(2, 'Undefined variable $codigo', 'C:\\xampp\\htdocs\\proyectos\\ci4_biblioteca\\app\\Controllers\\AutoresController.php', 49)
 2 SYSTEMPATH\CodeIgniter.php(933): App\Controllers\AutoresController->buscarAutor('7')
 3 SYSTEMPATH\CodeIgniter.php(507): CodeIgniter\CodeIgniter->runController(Object(App\Controllers\AutoresController))
 4 SYSTEMPATH\CodeIgniter.php(354): CodeIgniter\CodeIgniter->handleRequest(null, Object(Config\Cache), false)
 5 SYSTEMPATH\Boot.php(363): CodeIgniter\CodeIgniter->run()
 6 SYSTEMPATH\Boot.php(68): CodeIgniter\Boot::runCodeIgniter(Object(CodeIgniter\CodeIgniter))
 7 FCPATH\index.php(59): CodeIgniter\Boot::bootWeb(Object(Config\Paths))
CRITICAL - 2025-08-27 02:03:34 --> ErrorException: Undefined array key "codigo_autor"
[Method: GET, Route: eliminar_autor/4]
in APPPATH\Views\autores.php on line 32.
 1 APPPATH\Views\autores.php(32): CodeIgniter\Debug\Exceptions->errorHandler(2, 'Undefined array key "codigo_autor"', 'C:\\xampp\\htdocs\\proyectos\\ci4_biblioteca\\app\\Views\\autores.php', 32)
 2 SYSTEMPATH\View\View.php(226): include('C:\\xampp\\htdocs\\proyectos\\ci4_biblioteca\\app\\Views\\autores.php')
 3 SYSTEMPATH\View\View.php(229): CodeIgniter\View\View->CodeIgniter\View\{closure}()
 4 SYSTEMPATH\Common.php(1167): CodeIgniter\View\View->render('autores', [], true)
 5 APPPATH\Controllers\AutoresController.php(17): view('autores', [...])
 6 APPPATH\Controllers\AutoresController.php(42): App\Controllers\AutoresController->index()
 7 SYSTEMPATH\CodeIgniter.php(933): App\Controllers\AutoresController->eliminarAutor('4')
 8 SYSTEMPATH\CodeIgniter.php(507): CodeIgniter\CodeIgniter->runController(Object(App\Controllers\AutoresController))
 9 SYSTEMPATH\CodeIgniter.php(354): CodeIgniter\CodeIgniter->handleRequest(null, Object(Config\Cache), false)
10 SYSTEMPATH\Boot.php(363): CodeIgniter\CodeIgniter->run()
11 SYSTEMPATH\Boot.php(68): CodeIgniter\Boot::runCodeIgniter(Object(CodeIgniter\CodeIgniter))
12 FCPATH\index.php(59): CodeIgniter\Boot::bootWeb(Object(Config\Paths))
CRITICAL - 2025-08-27 02:03:35 --> ErrorException: Undefined array key "codigo_autor"
[Method: GET, Route: eliminar_autor/3]
in APPPATH\Views\autores.php on line 32.
 1 APPPATH\Views\autores.php(32): CodeIgniter\Debug\Exceptions->errorHandler(2, 'Undefined array key "codigo_autor"', 'C:\\xampp\\htdocs\\proyectos\\ci4_biblioteca\\app\\Views\\autores.php', 32)
 2 SYSTEMPATH\View\View.php(226): include('C:\\xampp\\htdocs\\proyectos\\ci4_biblioteca\\app\\Views\\autores.php')
 3 SYSTEMPATH\View\View.php(229): CodeIgniter\View\View->CodeIgniter\View\{closure}()
 4 SYSTEMPATH\Common.php(1167): CodeIgniter\View\View->render('autores', [], true)
 5 APPPATH\Controllers\AutoresController.php(17): view('autores', [...])
 6 APPPATH\Controllers\AutoresController.php(42): App\Controllers\AutoresController->index()
 7 SYSTEMPATH\CodeIgniter.php(933): App\Controllers\AutoresController->eliminarAutor('3')
 8 SYSTEMPATH\CodeIgniter.php(507): CodeIgniter\CodeIgniter->runController(Object(App\Controllers\AutoresController))
 9 SYSTEMPATH\CodeIgniter.php(354): CodeIgniter\CodeIgniter->handleRequest(null, Object(Config\Cache), false)
10 SYSTEMPATH\Boot.php(363): CodeIgniter\CodeIgniter->run()
11 SYSTEMPATH\Boot.php(68): CodeIgniter\Boot::runCodeIgniter(Object(CodeIgniter\CodeIgniter))
12 FCPATH\index.php(59): CodeIgniter\Boot::bootWeb(Object(Config\Paths))
CRITICAL - 2025-08-27 02:03:36 --> ErrorException: Undefined array key "codigo_autor"
[Method: GET, Route: autores]
in APPPATH\Views\autores.php on line 32.
 1 APPPATH\Views\autores.php(32): CodeIgniter\Debug\Exceptions->errorHandler(2, 'Undefined array key "codigo_autor"', 'C:\\xampp\\htdocs\\proyectos\\ci4_biblioteca\\app\\Views\\autores.php', 32)
 2 SYSTEMPATH\View\View.php(226): include('C:\\xampp\\htdocs\\proyectos\\ci4_biblioteca\\app\\Views\\autores.php')
 3 SYSTEMPATH\View\View.php(229): CodeIgniter\View\View->CodeIgniter\View\{closure}()
 4 SYSTEMPATH\Common.php(1167): CodeIgniter\View\View->render('autores', [], true)
 5 APPPATH\Controllers\AutoresController.php(17): view('autores', [...])
 6 SYSTEMPATH\CodeIgniter.php(933): App\Controllers\AutoresController->index()
 7 SYSTEMPATH\CodeIgniter.php(507): CodeIgniter\CodeIgniter->runController(Object(App\Controllers\AutoresController))
 8 SYSTEMPATH\CodeIgniter.php(354): CodeIgniter\CodeIgniter->handleRequest(null, Object(Config\Cache), false)
 9 SYSTEMPATH\Boot.php(363): CodeIgniter\CodeIgniter->run()
10 SYSTEMPATH\Boot.php(68): CodeIgniter\Boot::runCodeIgniter(Object(CodeIgniter\CodeIgniter))
11 FCPATH\index.php(59): CodeIgniter\Boot::bootWeb(Object(Config\Paths))
CRITICAL - 2025-08-27 02:03:38 --> ErrorException: Undefined array key "codigo_autor"
[Method: GET, Route: autores]
in APPPATH\Views\autores.php on line 32.
 1 APPPATH\Views\autores.php(32): CodeIgniter\Debug\Exceptions->errorHandler(2, 'Undefined array key "codigo_autor"', 'C:\\xampp\\htdocs\\proyectos\\ci4_biblioteca\\app\\Views\\autores.php', 32)
 2 SYSTEMPATH\View\View.php(226): include('C:\\xampp\\htdocs\\proyectos\\ci4_biblioteca\\app\\Views\\autores.php')
 3 SYSTEMPATH\View\View.php(229): CodeIgniter\View\View->CodeIgniter\View\{closure}()
 4 SYSTEMPATH\Common.php(1167): CodeIgniter\View\View->render('autores', [], true)
 5 APPPATH\Controllers\AutoresController.php(17): view('autores', [...])
 6 SYSTEMPATH\CodeIgniter.php(933): App\Controllers\AutoresController->index()
 7 SYSTEMPATH\CodeIgniter.php(507): CodeIgniter\CodeIgniter->runController(Object(App\Controllers\AutoresController))
 8 SYSTEMPATH\CodeIgniter.php(354): CodeIgniter\CodeIgniter->handleRequest(null, Object(Config\Cache), false)
 9 SYSTEMPATH\Boot.php(363): CodeIgniter\CodeIgniter->run()
10 SYSTEMPATH\Boot.php(68): CodeIgniter\Boot::runCodeIgniter(Object(CodeIgniter\CodeIgniter))
11 FCPATH\index.php(59): CodeIgniter\Boot::bootWeb(Object(Config\Paths))
CRITICAL - 2025-08-27 02:03:41 --> ErrorException: Undefined array key "codigo_autor"
[Method: GET, Route: autores]
in APPPATH\Views\autores.php on line 32.
 1 APPPATH\Views\autores.php(32): CodeIgniter\Debug\Exceptions->errorHandler(2, 'Undefined array key "codigo_autor"', 'C:\\xampp\\htdocs\\proyectos\\ci4_biblioteca\\app\\Views\\autores.php', 32)
 2 SYSTEMPATH\View\View.php(226): include('C:\\xampp\\htdocs\\proyectos\\ci4_biblioteca\\app\\Views\\autores.php')
 3 SYSTEMPATH\View\View.php(229): CodeIgniter\View\View->CodeIgniter\View\{closure}()
 4 SYSTEMPATH\Common.php(1167): CodeIgniter\View\View->render('autores', [], true)
 5 APPPATH\Controllers\AutoresController.php(17): view('autores', [...])
 6 SYSTEMPATH\CodeIgniter.php(933): App\Controllers\AutoresController->index()
 7 SYSTEMPATH\CodeIgniter.php(507): CodeIgniter\CodeIgniter->runController(Object(App\Controllers\AutoresController))
 8 SYSTEMPATH\CodeIgniter.php(354): CodeIgniter\CodeIgniter->handleRequest(null, Object(Config\Cache), false)
 9 SYSTEMPATH\Boot.php(363): CodeIgniter\CodeIgniter->run()
10 SYSTEMPATH\Boot.php(68): CodeIgniter\Boot::runCodeIgniter(Object(CodeIgniter\CodeIgniter))
11 FCPATH\index.php(59): CodeIgniter\Boot::bootWeb(Object(Config\Paths))
CRITICAL - 2025-08-27 02:04:11 --> ErrorException: Undefined array key "codigo_autor"
[Method: GET, Route: autores]
in APPPATH\Views\autores.php on line 32.
 1 APPPATH\Views\autores.php(32): CodeIgniter\Debug\Exceptions->errorHandler(2, 'Undefined array key "codigo_autor"', 'C:\\xampp\\htdocs\\proyectos\\ci4_biblioteca\\app\\Views\\autores.php', 32)
 2 SYSTEMPATH\View\View.php(226): include('C:\\xampp\\htdocs\\proyectos\\ci4_biblioteca\\app\\Views\\autores.php')
 3 SYSTEMPATH\View\View.php(229): CodeIgniter\View\View->CodeIgniter\View\{closure}()
 4 SYSTEMPATH\Common.php(1167): CodeIgniter\View\View->render('autores', [], true)
 5 APPPATH\Controllers\AutoresController.php(17): view('autores', [...])
 6 SYSTEMPATH\CodeIgniter.php(933): App\Controllers\AutoresController->index()
 7 SYSTEMPATH\CodeIgniter.php(507): CodeIgniter\CodeIgniter->runController(Object(App\Controllers\AutoresController))
 8 SYSTEMPATH\CodeIgniter.php(354): CodeIgniter\CodeIgniter->handleRequest(null, Object(Config\Cache), false)
 9 SYSTEMPATH\Boot.php(363): CodeIgniter\CodeIgniter->run()
10 SYSTEMPATH\Boot.php(68): CodeIgniter\Boot::runCodeIgniter(Object(CodeIgniter\CodeIgniter))
11 FCPATH\index.php(59): CodeIgniter\Boot::bootWeb(Object(Config\Paths))
