CRITICAL - 2025-11-10 07:38:40 --> CodeIgniter\View\Exceptions\ViewException: Invalid file: "form_editar_empleado.php"
[Method: GET, Route: buscar_empleado/1]
in SYSTEMPATH\Exceptions\FrameworkException.php on line 39.
 1 SYSTEMPATH\View\View.php(214): CodeIgniter\Exceptions\FrameworkException::forInvalidFile('form_editar_empleado.php')
 2 SYSTEMPATH\Common.php(1167): CodeIgniter\View\View->render('form_editar_empleado', [], true)
 3 APPPATH\Controllers\EmpleadosController.php(60): view('form_editar_empleado', [...])
 4 SYSTEMPATH\CodeIgniter.php(933): App\Controllers\EmpleadosController->buscarEmpleado('1')
 5 SYSTEMPATH\CodeIgniter.php(507): CodeIgniter\CodeIgniter->runController(Object(App\Controllers\EmpleadosController))
 6 SYSTEMPATH\CodeIgniter.php(354): CodeIgniter\CodeIgniter->handleRequest(null, Object(Config\Cache), false)
 7 SYSTEMPATH\Boot.php(363): CodeIgniter\CodeIgniter->run()
 8 SYSTEMPATH\Boot.php(68): CodeIgniter\Boot::runCodeIgniter(Object(CodeIgniter\CodeIgniter))
 9 FCPATH\index.php(59): CodeIgniter\Boot::bootWeb(Object(Config\Paths))
CRITICAL - 2025-11-10 08:02:25 --> ErrorException: Undefined variable $empleados
[Method: POST, Route: agregar_venta]
in APPPATH\Views\ventas.php on line 72.
 1 APPPATH\Views\ventas.php(72): CodeIgniter\Debug\Exceptions->errorHandler(2, 'Undefined variable $empleados', 'C:\\xampp\\htdocs\\trabajofinal\\app\\Views\\ventas.php', 72)
 2 SYSTEMPATH\View\View.php(226): include('C:\\xampp\\htdocs\\trabajofinal\\app\\Views\\ventas.php')
 3 SYSTEMPATH\View\View.php(229): CodeIgniter\View\View->CodeIgniter\View\{closure}()
 4 SYSTEMPATH\Common.php(1167): CodeIgniter\View\View->render('ventas', [], true)
 5 APPPATH\Controllers\VentasController.php(19): view('ventas', [...])
 6 APPPATH\Controllers\VentasController.php(36): App\Controllers\VentasController->index()
 7 SYSTEMPATH\CodeIgniter.php(933): App\Controllers\VentasController->agregarVenta()
 8 SYSTEMPATH\CodeIgniter.php(507): CodeIgniter\CodeIgniter->runController(Object(App\Controllers\VentasController))
 9 SYSTEMPATH\CodeIgniter.php(354): CodeIgniter\CodeIgniter->handleRequest(null, Object(Config\Cache), false)
10 SYSTEMPATH\Boot.php(363): CodeIgniter\CodeIgniter->run()
11 SYSTEMPATH\Boot.php(68): CodeIgniter\Boot::runCodeIgniter(Object(CodeIgniter\CodeIgniter))
12 FCPATH\index.php(59): CodeIgniter\Boot::bootWeb(Object(Config\Paths))
