CRITICAL - 2025-10-30 01:02:50 --> Error: Call to undefined function App\Controllers\getPost()
[Method: POST, Route: iniciar_sesion]
in APPPATH\Controllers\UsuariosController.php on line 9.
 1 SYSTEMPATH\CodeIgniter.php(933): App\Controllers\UsuariosController->index()
 2 SYSTEMPATH\CodeIgniter.php(507): CodeIgniter\CodeIgniter->runController(Object(App\Controllers\UsuariosController))
 3 SYSTEMPATH\CodeIgniter.php(354): CodeIgniter\CodeIgniter->handleRequest(null, Object(Config\Cache), false)
 4 SYSTEMPATH\Boot.php(363): CodeIgniter\CodeIgniter->run()
 5 SYSTEMPATH\Boot.php(68): CodeIgniter\Boot::runCodeIgniter(Object(CodeIgniter\CodeIgniter))
 6 FCPATH\index.php(59): CodeIgniter\Boot::bootWeb(Object(Config\Paths))
CRITICAL - 2025-10-30 01:03:52 --> Error: Call to undefined function App\Controllers\getPost()
[Method: POST, Route: iniciar_sesion]
in APPPATH\Controllers\UsuariosController.php on line 10.
 1 SYSTEMPATH\CodeIgniter.php(933): App\Controllers\UsuariosController->index()
 2 SYSTEMPATH\CodeIgniter.php(507): CodeIgniter\CodeIgniter->runController(Object(App\Controllers\UsuariosController))
 3 SYSTEMPATH\CodeIgniter.php(354): CodeIgniter\CodeIgniter->handleRequest(null, Object(Config\Cache), false)
 4 SYSTEMPATH\Boot.php(363): CodeIgniter\CodeIgniter->run()
 5 SYSTEMPATH\Boot.php(68): CodeIgniter\Boot::runCodeIgniter(Object(CodeIgniter\CodeIgniter))
 6 FCPATH\index.php(59): CodeIgniter\Boot::bootWeb(Object(Config\Paths))
CRITICAL - 2025-10-30 01:54:03 --> ErrorException: Undefined array key "datos"
[Method: POST, Route: iniciar_sesion]
in APPPATH\Controllers\UsuariosController.php on line 24.
 1 APPPATH\Controllers\UsuariosController.php(24): CodeIgniter\Debug\Exceptions->errorHandler(2, 'Undefined array key "datos"', 'C:\\xampp\\htdocs\\proyectos\\ci4_biblioteca\\app\\Controllers\\UsuariosController.php', 24)
 2 SYSTEMPATH\CodeIgniter.php(933): App\Controllers\UsuariosController->index()
 3 SYSTEMPATH\CodeIgniter.php(507): CodeIgniter\CodeIgniter->runController(Object(App\Controllers\UsuariosController))
 4 SYSTEMPATH\CodeIgniter.php(354): CodeIgniter\CodeIgniter->handleRequest(null, Object(Config\Cache), false)
 5 SYSTEMPATH\Boot.php(363): CodeIgniter\CodeIgniter->run()
 6 SYSTEMPATH\Boot.php(68): CodeIgniter\Boot::runCodeIgniter(Object(CodeIgniter\CodeIgniter))
 7 FCPATH\index.php(59): CodeIgniter\Boot::bootWeb(Object(Config\Paths))
CRITICAL - 2025-10-30 02:01:50 --> ErrorException: Undefined array key "datos"
[Method: POST, Route: iniciar_sesion]
in APPPATH\Controllers\UsuariosController.php on line 24.
 1 APPPATH\Controllers\UsuariosController.php(24): CodeIgniter\Debug\Exceptions->errorHandler(2, 'Undefined array key "datos"', 'C:\\xampp\\htdocs\\proyectos\\ci4_biblioteca\\app\\Controllers\\UsuariosController.php', 24)
 2 SYSTEMPATH\CodeIgniter.php(933): App\Controllers\UsuariosController->index()
 3 SYSTEMPATH\CodeIgniter.php(507): CodeIgniter\CodeIgniter->runController(Object(App\Controllers\UsuariosController))
 4 SYSTEMPATH\CodeIgniter.php(354): CodeIgniter\CodeIgniter->handleRequest(null, Object(Config\Cache), false)
 5 SYSTEMPATH\Boot.php(363): CodeIgniter\CodeIgniter->run()
 6 SYSTEMPATH\Boot.php(68): CodeIgniter\Boot::runCodeIgniter(Object(CodeIgniter\CodeIgniter))
 7 FCPATH\index.php(59): CodeIgniter\Boot::bootWeb(Object(Config\Paths))
CRITICAL - 2025-10-30 02:13:44 --> ErrorException: Undefined variable $datos
[Method: POST, Route: iniciar_sesion]
in APPPATH\Views\menu_admin.php on line 15.
 1 APPPATH\Views\menu_admin.php(15): CodeIgniter\Debug\Exceptions->errorHandler(2, 'Undefined variable $datos', 'C:\\xampp\\htdocs\\proyectos\\ci4_biblioteca\\app\\Views\\menu_admin.php', 15)
 2 SYSTEMPATH\View\View.php(226): include('C:\\xampp\\htdocs\\proyectos\\ci4_biblioteca\\app\\Views\\menu_admin.php')
 3 SYSTEMPATH\View\View.php(229): CodeIgniter\View\View->CodeIgniter\View\{closure}()
 4 SYSTEMPATH\Common.php(1167): CodeIgniter\View\View->render('menu_admin', [], true)
 5 APPPATH\Controllers\UsuariosController.php(36): view('menu_admin')
 6 SYSTEMPATH\CodeIgniter.php(933): App\Controllers\UsuariosController->index()
 7 SYSTEMPATH\CodeIgniter.php(507): CodeIgniter\CodeIgniter->runController(Object(App\Controllers\UsuariosController))
 8 SYSTEMPATH\CodeIgniter.php(354): CodeIgniter\CodeIgniter->handleRequest(null, Object(Config\Cache), false)
 9 SYSTEMPATH\Boot.php(363): CodeIgniter\CodeIgniter->run()
10 SYSTEMPATH\Boot.php(68): CodeIgniter\Boot::runCodeIgniter(Object(CodeIgniter\CodeIgniter))
11 FCPATH\index.php(59): CodeIgniter\Boot::bootWeb(Object(Config\Paths))
